Info: Starting: Create block symbol file (.bsf)
Info: qsys-generate C:\Users\pc\Documents\uni\ece417\lab3b\nios2.qsys --block-symbol-file --output-directory=C:\Users\pc\Documents\uni\ece417\lab3b\nios2 --family="Cyclone V" --part=5CSEMA5F31C6
Progress: Loading lab3b/nios2.qsys
Progress: Reading input file
Progress: Adding clk_0 [clock_source 17.1]
Progress: Parameterizing module clk_0
Progress: Adding jtag_uart_0 [altera_avalon_jtag_uart 17.1]
Progress: Parameterizing module jtag_uart_0
Progress: Adding nios2_qsys_0 [altera_nios2_qsys 16.1]
Progress: Parameterizing module nios2_qsys_0
Progress: Adding onchip_memory2_0 [altera_avalon_onchip_memory2 17.1]
Progress: Parameterizing module onchip_memory2_0
Progress: Building connections
Progress: Parameterizing connections
Progress: Validating
Progress: Done reading input file
Info: nios2.jtag_uart_0: JTAG UART IP input clock need to be at least double (2x) the operating frequency of JTAG TCK on board
Warning: nios2.nios2_qsys_0: Nios II Classic cores are no longer recommended for new projects
Info: qsys-generate succeeded.
Info: Finished: Create block symbol file (.bsf)
Info: 
Info: Starting: Create HDL design files for synthesis
Info: qsys-generate C:\Users\pc\Documents\uni\ece417\lab3b\nios2.qsys --synthesis=VHDL --output-directory=C:\Users\pc\Documents\uni\ece417\lab3b\nios2\synthesis --family="Cyclone V" --part=5CSEMA5F31C6
Progress: Loading lab3b/nios2.qsys
Progress: Reading input file
Progress: Adding clk_0 [clock_source 17.1]
Progress: Parameterizing module clk_0
Progress: Adding jtag_uart_0 [altera_avalon_jtag_uart 17.1]
Progress: Parameterizing module jtag_uart_0
Progress: Adding nios2_qsys_0 [altera_nios2_qsys 16.1]
Progress: Parameterizing module nios2_qsys_0
Progress: Adding onchip_memory2_0 [altera_avalon_onchip_memory2 17.1]
Progress: Parameterizing module onchip_memory2_0
Progress: Building connections
Progress: Parameterizing connections
Progress: Validating
Progress: Done reading input file
Info: nios2.jtag_uart_0: JTAG UART IP input clock need to be at least double (2x) the operating frequency of JTAG TCK on board
Warning: nios2.nios2_qsys_0: Nios II Classic cores are no longer recommended for new projects
Info: nios2: Generating nios2 "nios2" for QUARTUS_SYNTH
Info: jtag_uart_0: Starting RTL generation for module 'nios2_jtag_uart_0'
Info: jtag_uart_0:   Generation command is [exec C:/intelfpga_lite/17.1/quartus/bin64/perl/bin/perl.exe -I C:/intelfpga_lite/17.1/quartus/bin64/perl/lib -I C:/intelfpga_lite/17.1/quartus/sopc_builder/bin/europa -I C:/intelfpga_lite/17.1/quartus/sopc_builder/bin/perl_lib -I C:/intelfpga_lite/17.1/quartus/sopc_builder/bin -I C:/intelfpga_lite/17.1/quartus/../ip/altera/sopc_builder_ip/common -I C:/intelfpga_lite/17.1/quartus/../ip/altera/sopc_builder_ip/altera_avalon_jtag_uart -- C:/intelfpga_lite/17.1/quartus/../ip/altera/sopc_builder_ip/altera_avalon_jtag_uart/generate_rtl.pl --name=nios2_jtag_uart_0 --dir=C:/Users/pc/AppData/Local/Temp/alt8533_1505055668953289080.dir/0026_jtag_uart_0_gen/ --quartus_dir=C:/intelfpga_lite/17.1/quartus --verilog --config=C:/Users/pc/AppData/Local/Temp/alt8533_1505055668953289080.dir/0026_jtag_uart_0_gen//nios2_jtag_uart_0_component_configuration.pl  --do_build_sim=0  ]
Info: jtag_uart_0: Done RTL generation for module 'nios2_jtag_uart_0'
Info: jtag_uart_0: "nios2" instantiated altera_avalon_jtag_uart "jtag_uart_0"
Info: nios2_qsys_0: Starting RTL generation for module 'nios2_nios2_qsys_0'
Info: nios2_qsys_0:   Generation command is [exec C:/intelfpga_lite/17.1/quartus/bin64/eperlcmd.exe -I C:/intelfpga_lite/17.1/quartus/bin64/perl/lib -I C:/intelfpga_lite/17.1/quartus/sopc_builder/bin/europa -I C:/intelfpga_lite/17.1/quartus/sopc_builder/bin/perl_lib -I C:/intelfpga_lite/17.1/quartus/sopc_builder/bin -I C:/intelfpga_lite/17.1/quartus/../ip/altera/nios2_ip/altera_nios2/cpu_lib -I C:/intelfpga_lite/17.1/quartus/../ip/altera/nios2_ip/altera_nios2/nios_lib -I C:/intelfpga_lite/17.1/quartus/../ip/altera/nios2_ip/altera_nios2 -I C:/intelfpga_lite/17.1/quartus/../ip/altera/nios2_ip/altera_nios2 -- C:/intelfpga_lite/17.1/quartus/../ip/altera/nios2_ip/altera_nios2/generate_rtl.epl --name=nios2_nios2_qsys_0 --dir=C:/Users/pc/AppData/Local/Temp/alt8533_1505055668953289080.dir/0027_nios2_qsys_0_gen/ --quartus_bindir=C:/intelfpga_lite/17.1/quartus/bin64 --verilog --config=C:/Users/pc/AppData/Local/Temp/alt8533_1505055668953289080.dir/0027_nios2_qsys_0_gen//nios2_nios2_qsys_0_processor_configuration.pl  --do_build_sim=0  ]
Info: nios2_qsys_0: # 2020.09.27 23:04:26 (*) Starting Nios II generation
Info: nios2_qsys_0: # 2020.09.27 23:04:26 (*)   Checking for plaintext license.
Info: nios2_qsys_0: # 2020.09.27 23:04:27 (*)   Couldn't query license setup in Quartus directory C:/intelfpga_lite/17.1/quartus/bin64
Info: nios2_qsys_0: # 2020.09.27 23:04:27 (*)   Defaulting to contents of LM_LICENSE_FILE environment variable
Info: nios2_qsys_0: # 2020.09.27 23:04:27 (*)   Plaintext license not found.
Info: nios2_qsys_0: # 2020.09.27 23:04:27 (*)   Checking for encrypted license (non-evaluation).
Info: nios2_qsys_0: # 2020.09.27 23:04:28 (*)   Couldn't query license setup in Quartus directory C:/intelfpga_lite/17.1/quartus/bin64
Info: nios2_qsys_0: # 2020.09.27 23:04:28 (*)   Defaulting to contents of LM_LICENSE_FILE environment variable
Info: nios2_qsys_0: # 2020.09.27 23:04:28 (*)   Encrypted license not found.  Defaulting to OCP evaluation license (produces a time-limited SOF)
Info: nios2_qsys_0: # 2020.09.27 23:04:28 (*)   Elaborating CPU configuration settings
Info: nios2_qsys_0: # 2020.09.27 23:04:28 (*)   Creating all objects for CPU
Info: nios2_qsys_0: # 2020.09.27 23:04:28 (*)     Testbench
Info: nios2_qsys_0: # 2020.09.27 23:04:28 (*)     Instruction decoding
Info: nios2_qsys_0: # 2020.09.27 23:04:28 (*)       Instruction fields
Info: nios2_qsys_0: # 2020.09.27 23:04:28 (*)       Instruction decodes
Info: nios2_qsys_0: # 2020.09.27 23:04:29 (*)       Signals for RTL simulation waveforms
Info: nios2_qsys_0: # 2020.09.27 23:04:29 (*)       Instruction controls
Info: nios2_qsys_0: # 2020.09.27 23:04:29 (*)     Pipeline frontend
Info: nios2_qsys_0: # 2020.09.27 23:04:29 (*)     Pipeline backend
Info: nios2_qsys_0: # 2020.09.27 23:04:33 (*)   Generating RTL from CPU objects
Info: nios2_qsys_0: # 2020.09.27 23:04:36 (*)   Creating encrypted RTL
Info: nios2_qsys_0: # 2020.09.27 23:04:37 (*) Done Nios II generation
Info: nios2_qsys_0: Done RTL generation for module 'nios2_nios2_qsys_0'
Info: nios2_qsys_0: "nios2" instantiated altera_nios2_qsys "nios2_qsys_0"
Info: onchip_memory2_0: Starting RTL generation for module 'nios2_onchip_memory2_0'
Info: onchip_memory2_0:   Generation command is [exec C:/intelfpga_lite/17.1/quartus/bin64/perl/bin/perl.exe -I C:/intelfpga_lite/17.1/quartus/bin64/perl/lib -I C:/intelfpga_lite/17.1/quartus/sopc_builder/bin/europa -I C:/intelfpga_lite/17.1/quartus/sopc_builder/bin/perl_lib -I C:/intelfpga_lite/17.1/quartus/sopc_builder/bin -I C:/intelfpga_lite/17.1/quartus/../ip/altera/sopc_builder_ip/common -I C:/intelfpga_lite/17.1/quartus/../ip/altera/sopc_builder_ip/altera_avalon_onchip_memory2 -- C:/intelfpga_lite/17.1/quartus/../ip/altera/sopc_builder_ip/altera_avalon_onchip_memory2/generate_rtl.pl --name=nios2_onchip_memory2_0 --dir=C:/Users/pc/AppData/Local/Temp/alt8533_1505055668953289080.dir/0028_onchip_memory2_0_gen/ --quartus_dir=C:/intelfpga_lite/17.1/quartus --verilog --config=C:/Users/pc/AppData/Local/Temp/alt8533_1505055668953289080.dir/0028_onchip_memory2_0_gen//nios2_onchip_memory2_0_component_configuration.pl  --do_build_sim=0  ]
Info: onchip_memory2_0: Done RTL generation for module 'nios2_onchip_memory2_0'
Info: onchip_memory2_0: "nios2" instantiated altera_avalon_onchip_memory2 "onchip_memory2_0"
Info: avalon_st_adapter: Inserting error_adapter: error_adapter_0
Info: avalon_st_adapter_001: Inserting error_adapter: error_adapter_0
Info: avalon_st_adapter_002: Inserting error_adapter: error_adapter_0
Info: mm_interconnect_0: "nios2" instantiated altera_mm_interconnect "mm_interconnect_0"
Info: irq_mapper: "nios2" instantiated altera_irq_mapper "irq_mapper"
Info: rst_controller: "nios2" instantiated altera_reset_controller "rst_controller"
Info: nios2_qsys_0_data_master_translator: "mm_interconnect_0" instantiated altera_merlin_master_translator "nios2_qsys_0_data_master_translator"
Info: jtag_uart_0_avalon_jtag_slave_translator: "mm_interconnect_0" instantiated altera_merlin_slave_translator "jtag_uart_0_avalon_jtag_slave_translator"
Info: nios2_qsys_0_data_master_agent: "mm_interconnect_0" instantiated altera_merlin_master_agent "nios2_qsys_0_data_master_agent"
Info: jtag_uart_0_avalon_jtag_slave_agent: "mm_interconnect_0" instantiated altera_merlin_slave_agent "jtag_uart_0_avalon_jtag_slave_agent"
Info: jtag_uart_0_avalon_jtag_slave_agent_rsp_fifo: "mm_interconnect_0" instantiated altera_avalon_sc_fifo "jtag_uart_0_avalon_jtag_slave_agent_rsp_fifo"
Info: router: "mm_interconnect_0" instantiated altera_merlin_router "router"
Info: router_001: "mm_interconnect_0" instantiated altera_merlin_router "router_001"
Info: router_002: "mm_interconnect_0" instantiated altera_merlin_router "router_002"
Info: router_003: "mm_interconnect_0" instantiated altera_merlin_router "router_003"
Info: nios2_qsys_0_data_master_limiter: "mm_interconnect_0" instantiated altera_merlin_traffic_limiter "nios2_qsys_0_data_master_limiter"
Info: Reusing file C:/Users/pc/Documents/uni/ece417/lab3b/nios2/synthesis/submodules/altera_avalon_sc_fifo.v
Info: cmd_demux: "mm_interconnect_0" instantiated altera_merlin_demultiplexer "cmd_demux"
Info: cmd_demux_001: "mm_interconnect_0" instantiated altera_merlin_demultiplexer "cmd_demux_001"
Info: cmd_mux: "mm_interconnect_0" instantiated altera_merlin_multiplexer "cmd_mux"
Info: cmd_mux_001: "mm_interconnect_0" instantiated altera_merlin_multiplexer "cmd_mux_001"
Info: Reusing file C:/Users/pc/Documents/uni/ece417/lab3b/nios2/synthesis/submodules/altera_merlin_arbitrator.sv
Info: rsp_demux: "mm_interconnect_0" instantiated altera_merlin_demultiplexer "rsp_demux"
Info: rsp_demux_001: "mm_interconnect_0" instantiated altera_merlin_demultiplexer "rsp_demux_001"
Info: rsp_mux: "mm_interconnect_0" instantiated altera_merlin_multiplexer "rsp_mux"
Info: Reusing file C:/Users/pc/Documents/uni/ece417/lab3b/nios2/synthesis/submodules/altera_merlin_arbitrator.sv
Info: rsp_mux_001: "mm_interconnect_0" instantiated altera_merlin_multiplexer "rsp_mux_001"
Info: Reusing file C:/Users/pc/Documents/uni/ece417/lab3b/nios2/synthesis/submodules/altera_merlin_arbitrator.sv
Info: avalon_st_adapter: "mm_interconnect_0" instantiated altera_avalon_st_adapter "avalon_st_adapter"
Info: error_adapter_0: "avalon_st_adapter" instantiated error_adapter "error_adapter_0"
Info: nios2: Done "nios2" with 27 modules, 48 files
Info: qsys-generate succeeded.
Info: Finished: Create HDL design files for synthesis
